{"D:\\workspace\\tavisca-chips-assignment\\my-first-project\\packages\\chip-group\\src\\index.ts": {"path":"D:\\workspace\\tavisca-chips-assignment\\my-first-project\\packages\\chip-group\\src\\index.ts","statementMap":{},"fnMap":{},"branchMap":{},"s":{},"f":{},"b":{},"_coverageSchema":"1a1c01bbd47fc00a2c39e90264f33305004495a9","hash":"c43e8040cb512a3c0920a472d7300b9409f92855"}
,"D:\\workspace\\tavisca-chips-assignment\\my-first-project\\packages\\chip-group\\src\\orxe-chip-group.ts": {"path":"D:\\workspace\\tavisca-chips-assignment\\my-first-project\\packages\\chip-group\\src\\orxe-chip-group.ts","statementMap":{"0":{"start":{"line":11,"column":4},"end":{"line":11,"column":81}},"1":{"start":{"line":15,"column":16},"end":{"line":15,"column":70}},"2":{"start":{"line":16,"column":4},"end":{"line":18,"column":5}},"3":{"start":{"line":16,"column":17},"end":{"line":16,"column":18}},"4":{"start":{"line":17,"column":6},"end":{"line":17,"column":54}},"5":{"start":{"line":19,"column":4},"end":{"line":21,"column":10}},"6":{"start":{"line":20,"column":6},"end":{"line":20,"column":57}},"7":{"start":{"line":28,"column":18},"end":{"line":28,"column":24}}},"fnMap":{"0":{"name":"(anonymous_0)","decl":{"start":{"line":10,"column":2},"end":{"line":10,"column":3}},"loc":{"start":{"line":10,"column":11},"end":{"line":12,"column":3}},"line":10},"1":{"name":"(anonymous_1)","decl":{"start":{"line":14,"column":2},"end":{"line":14,"column":3}},"loc":{"start":{"line":14,"column":31},"end":{"line":22,"column":3}},"line":14},"2":{"name":"(anonymous_2)","decl":{"start":{"line":19,"column":15},"end":{"line":19,"column":16}},"loc":{"start":{"line":19,"column":21},"end":{"line":21,"column":5}},"line":19}},"branchMap":{},"s":{"0":3,"1":1,"2":1,"3":1,"4":0,"5":1,"6":0,"7":2},"f":{"0":3,"1":1,"2":0},"b":{},"_coverageSchema":"1a1c01bbd47fc00a2c39e90264f33305004495a9","hash":"156caa0ec21ab216d5645251d9259d05a7730264"}
}
