<?xml version="1.0" encoding="UTF-8"?>
<coverage generated="1600622464310" clover="3.2.0">
  <project timestamp="1600622464310" name="All files">
    <metrics statements="10" coveredstatements="10" conditionals="2" coveredconditionals="1" methods="4" coveredmethods="4" elements="16" coveredelements="15" complexity="0" loc="10" ncloc="10" packages="1" files="2" classes="2"/>
    <file name="index.ts" path="D:\workspace\tavisca-chips-assignment\my-first-project\packages\chips\src\index.ts">
      <metrics statements="0" coveredstatements="0" conditionals="0" coveredconditionals="0" methods="0" coveredmethods="0"/>
    </file>
    <file name="orxe-chips.ts" path="D:\workspace\tavisca-chips-assignment\my-first-project\packages\chips\src\orxe-chips.ts">
      <metrics statements="10" coveredstatements="10" conditionals="2" coveredconditionals="1" methods="4" coveredmethods="4"/>
      <line num="7" count="3" type="stmt"/>
      <line num="34" count="3" type="stmt"/>
      <line num="41" count="4" type="stmt"/>
      <line num="42" count="24" type="stmt"/>
      <line num="57" count="1" type="stmt"/>
      <line num="58" count="1" type="stmt"/>
      <line num="59" count="1" type="cond" truecount="1" falsecount="1"/>
      <line num="60" count="1" type="stmt"/>
      <line num="62" count="1" type="stmt"/>
      <line num="68" count="2" type="stmt"/>
    </file>
  </project>
</coverage>
