<?xml version="1.0" encoding="UTF-8"?>
<coverage generated="1600884996068" clover="3.2.0">
  <project timestamp="1600884996068" name="All files">
    <metrics statements="6" coveredstatements="6" conditionals="0" coveredconditionals="0" methods="5" coveredmethods="5" elements="11" coveredelements="11" complexity="0" loc="6" ncloc="6" packages="1" files="2" classes="2"/>
    <file name="index.ts" path="D:\workspace\tavisca-chips-assignment\my-first-project\packages\chips\src\index.ts">
      <metrics statements="0" coveredstatements="0" conditionals="0" coveredconditionals="0" methods="0" coveredmethods="0"/>
    </file>
    <file name="orxe-chips.ts" path="D:\workspace\tavisca-chips-assignment\my-first-project\packages\chips\src\orxe-chips.ts">
      <metrics statements="6" coveredstatements="6" conditionals="0" coveredconditionals="0" methods="5" coveredmethods="5"/>
      <line num="17" count="3" type="stmt"/>
      <line num="24" count="4" type="stmt"/>
      <line num="34" count="4" type="stmt"/>
      <line num="40" count="4" type="stmt"/>
      <line num="50" count="1" type="stmt"/>
      <line num="56" count="2" type="stmt"/>
    </file>
  </project>
</coverage>
