{"D:\\workspace\\tavisca-chips-assignment\\my-first-project\\packages\\chips\\src\\index.ts": {"path":"D:\\workspace\\tavisca-chips-assignment\\my-first-project\\packages\\chips\\src\\index.ts","statementMap":{},"fnMap":{},"branchMap":{},"s":{},"f":{},"b":{},"_coverageSchema":"1a1c01bbd47fc00a2c39e90264f33305004495a9","hash":"bbc091cbcafa0a3aa2042078c8c380b15f1dbdbd"}
,"D:\\workspace\\tavisca-chips-assignment\\my-first-project\\packages\\chips\\src\\orxe-chips.ts": {"path":"D:\\workspace\\tavisca-chips-assignment\\my-first-project\\packages\\chips\\src\\orxe-chips.ts","statementMap":{"0":{"start":{"line":17,"column":4},"end":{"line":17,"column":12}},"1":{"start":{"line":24,"column":4},"end":{"line":28,"column":6}},"2":{"start":{"line":32,"column":4},"end":{"line":34,"column":6}},"3":{"start":{"line":38,"column":4},"end":{"line":40,"column":6}},"4":{"start":{"line":48,"column":6},"end":{"line":48,"column":45}},"5":{"start":{"line":54,"column":18},"end":{"line":54,"column":24}}},"fnMap":{"0":{"name":"(anonymous_0)","decl":{"start":{"line":16,"column":2},"end":{"line":16,"column":3}},"loc":{"start":{"line":16,"column":16},"end":{"line":18,"column":3}},"line":16},"1":{"name":"(anonymous_1)","decl":{"start":{"line":23,"column":3},"end":{"line":23,"column":4}},"loc":{"start":{"line":23,"column":12},"end":{"line":29,"column":3}},"line":23},"2":{"name":"(anonymous_2)","decl":{"start":{"line":31,"column":2},"end":{"line":31,"column":3}},"loc":{"start":{"line":31,"column":19},"end":{"line":35,"column":3}},"line":31},"3":{"name":"(anonymous_3)","decl":{"start":{"line":37,"column":2},"end":{"line":37,"column":3}},"loc":{"start":{"line":37,"column":21},"end":{"line":41,"column":3}},"line":37},"4":{"name":"(anonymous_4)","decl":{"start":{"line":47,"column":2},"end":{"line":47,"column":3}},"loc":{"start":{"line":47,"column":15},"end":{"line":49,"column":3}},"line":47}},"branchMap":{},"s":{"0":3,"1":4,"2":4,"3":4,"4":1,"5":2},"f":{"0":3,"1":4,"2":4,"3":4,"4":1},"b":{},"_coverageSchema":"1a1c01bbd47fc00a2c39e90264f33305004495a9","hash":"e2f5698749a55ecdb84d4d58960182ac8aaf6ff8"}
}
