{"D:\\workspace\\tavisca-chips-assignment\\my-first-project\\packages\\chips\\src\\index.ts": {"path":"D:\\workspace\\tavisca-chips-assignment\\my-first-project\\packages\\chips\\src\\index.ts","statementMap":{},"fnMap":{},"branchMap":{},"s":{},"f":{},"b":{},"_coverageSchema":"1a1c01bbd47fc00a2c39e90264f33305004495a9","hash":"bbc091cbcafa0a3aa2042078c8c380b15f1dbdbd"}
,"D:\\workspace\\tavisca-chips-assignment\\my-first-project\\packages\\chips\\src\\orxe-chips.ts": {"path":"D:\\workspace\\tavisca-chips-assignment\\my-first-project\\packages\\chips\\src\\orxe-chips.ts","statementMap":{"0":{"start":{"line":7,"column":11},"end":{"line":32,"column":3}},"1":{"start":{"line":34,"column":4},"end":{"line":34,"column":12}},"2":{"start":{"line":41,"column":4},"end":{"line":49,"column":6}},"3":{"start":{"line":42,"column":60},"end":{"line":47,"column":9}},"4":{"start":{"line":57,"column":16},"end":{"line":57,"column":71}},"5":{"start":{"line":58,"column":4},"end":{"line":58,"column":22}},"6":{"start":{"line":59,"column":4},"end":{"line":61,"column":5}},"7":{"start":{"line":60,"column":5},"end":{"line":60,"column":38}},"8":{"start":{"line":62,"column":4},"end":{"line":62,"column":47}},"9":{"start":{"line":68,"column":18},"end":{"line":68,"column":24}}},"fnMap":{"0":{"name":"(anonymous_0)","decl":{"start":{"line":33,"column":2},"end":{"line":33,"column":3}},"loc":{"start":{"line":33,"column":16},"end":{"line":35,"column":3}},"line":33},"1":{"name":"(anonymous_1)","decl":{"start":{"line":40,"column":3},"end":{"line":40,"column":4}},"loc":{"start":{"line":40,"column":12},"end":{"line":50,"column":3}},"line":40},"2":{"name":"(anonymous_2)","decl":{"start":{"line":42,"column":40},"end":{"line":42,"column":41}},"loc":{"start":{"line":42,"column":60},"end":{"line":47,"column":9}},"line":42},"3":{"name":"(anonymous_3)","decl":{"start":{"line":56,"column":2},"end":{"line":56,"column":3}},"loc":{"start":{"line":56,"column":24},"end":{"line":63,"column":3}},"line":56}},"branchMap":{"0":{"loc":{"start":{"line":59,"column":4},"end":{"line":61,"column":5}},"type":"if","locations":[{"start":{"line":59,"column":4},"end":{"line":61,"column":5}},{"start":{"line":59,"column":4},"end":{"line":61,"column":5}}],"line":59}},"s":{"0":3,"1":3,"2":4,"3":24,"4":1,"5":1,"6":1,"7":1,"8":1,"9":2},"f":{"0":3,"1":4,"2":24,"3":1},"b":{"0":[1,0]},"_coverageSchema":"1a1c01bbd47fc00a2c39e90264f33305004495a9","hash":"d3e9f6f702935a05a4ba76bfd9bb0800ad39a1cf"}
}
